[2m2022-05-22 01:29:06.606[0;39m [32m INFO[0;39m [35m12948[0;39m [2m---[0;39m [2m[  restartedMain][0;39m [36m.e.DevToolsPropertyDefaultsPostProcessor[0;39m [2m:[0;39m Devtools property defaults active! Set 'spring.devtools.add-properties' to 'false' to disable
[2m2022-05-22 01:29:06.619[0;39m [32m INFO[0;39m [35m12948[0;39m [2m---[0;39m [2m[  restartedMain][0;39m [36m.e.DevToolsPropertyDefaultsPostProcessor[0;39m [2m:[0;39m For additional web related logging consider setting the 'logging.level.web' property to 'DEBUG'
[2m2022-05-22 01:29:08.046[0;39m [32m INFO[0;39m [35m12948[0;39m [2m---[0;39m [2m[  restartedMain][0;39m [36mo.s.b.w.embedded.tomcat.TomcatWebServer [0;39m [2m:[0;39m Tomcat initialized with port(s): 8081 (http)
[2m2022-05-22 01:29:08.218[0;39m [32m INFO[0;39m [35m12948[0;39m [2m---[0;39m [2m[  restartedMain][0;39m [36mw.s.c.ServletWebServerApplicationContext[0;39m [2m:[0;39m Root WebApplicationContext: initialization completed in 1598 ms
[2m2022-05-22 01:29:08.912[0;39m [32m INFO[0;39m [35m12948[0;39m [2m---[0;39m [2m[  restartedMain][0;39m [36mo.s.b.d.a.OptionalLiveReloadServer      [0;39m [2m:[0;39m LiveReload server is running on port 35729
[2m2022-05-22 01:29:09.070[0;39m [32m INFO[0;39m [35m12948[0;39m [2m---[0;39m [2m[  restartedMain][0;39m [36mo.s.b.w.embedded.tomcat.TomcatWebServer [0;39m [2m:[0;39m Tomcat started on port(s): 8081 (http) with context path '/vue'
[2m2022-05-22 01:29:22.771[0;39m [32m INFO[0;39m [35m12948[0;39m [2m---[0;39m [2m[nio-8081-exec-2][0;39m [36mo.s.web.servlet.DispatcherServlet       [0;39m [2m:[0;39m Initializing Servlet 'dispatcherServlet'
[2m2022-05-22 01:29:22.773[0;39m [32m INFO[0;39m [35m12948[0;39m [2m---[0;39m [2m[nio-8081-exec-2][0;39m [36mo.s.web.servlet.DispatcherServlet       [0;39m [2m:[0;39m Completed initialization in 2 ms
[2m2022-05-22 01:29:22.816[0;39m [32mDEBUG[0;39m [35m12948[0;39m [2m---[0;39m [2m[nio-8081-exec-2][0;39m [36mc.ssafy.vue.controller.BoardController  [0;39m [2m:[0;39m retrieveBoard - 호출
[2m2022-05-22 01:39:17.013[0;39m [32mDEBUG[0;39m [35m12948[0;39m [2m---[0;39m [2m[nio-8081-exec-3][0;39m [36mc.ssafy.vue.controller.BoardController  [0;39m [2m:[0;39m retrieveBoard - 호출
[2m2022-05-22 06:43:54.300[0;39m [32m INFO[0;39m [35m12948[0;39m [2m---[0;39m [2m[on(2)-127.0.0.1][0;39m [36minMXBeanRegistrar$SpringApplicationAdmin[0;39m [2m:[0;39m Application shutdown requested.
[2m2022-05-22 16:20:08.803[0;39m [32m INFO[0;39m [35m19164[0;39m [2m---[0;39m [2m[  restartedMain][0;39m [36m.e.DevToolsPropertyDefaultsPostProcessor[0;39m [2m:[0;39m Devtools property defaults active! Set 'spring.devtools.add-properties' to 'false' to disable
[2m2022-05-22 16:20:08.805[0;39m [32m INFO[0;39m [35m19164[0;39m [2m---[0;39m [2m[  restartedMain][0;39m [36m.e.DevToolsPropertyDefaultsPostProcessor[0;39m [2m:[0;39m For additional web related logging consider setting the 'logging.level.web' property to 'DEBUG'
[2m2022-05-22 16:20:10.196[0;39m [32m INFO[0;39m [35m19164[0;39m [2m---[0;39m [2m[  restartedMain][0;39m [36mo.s.b.w.embedded.tomcat.TomcatWebServer [0;39m [2m:[0;39m Tomcat initialized with port(s): 8081 (http)
[2m2022-05-22 16:20:10.369[0;39m [32m INFO[0;39m [35m19164[0;39m [2m---[0;39m [2m[  restartedMain][0;39m [36mw.s.c.ServletWebServerApplicationContext[0;39m [2m:[0;39m Root WebApplicationContext: initialization completed in 1563 ms
[2m2022-05-22 16:20:11.136[0;39m [32m INFO[0;39m [35m19164[0;39m [2m---[0;39m [2m[  restartedMain][0;39m [36mo.s.b.d.a.OptionalLiveReloadServer      [0;39m [2m:[0;39m LiveReload server is running on port 35729
[2m2022-05-22 16:20:11.308[0;39m [32m INFO[0;39m [35m19164[0;39m [2m---[0;39m [2m[  restartedMain][0;39m [36mo.s.b.w.embedded.tomcat.TomcatWebServer [0;39m [2m:[0;39m Tomcat started on port(s): 8081 (http) with context path '/vue'
[2m2022-05-22 16:21:09.780[0;39m [32m INFO[0;39m [35m19164[0;39m [2m---[0;39m [2m[nio-8081-exec-1][0;39m [36mo.s.web.servlet.DispatcherServlet       [0;39m [2m:[0;39m Initializing Servlet 'dispatcherServlet'
[2m2022-05-22 16:21:09.782[0;39m [32m INFO[0;39m [35m19164[0;39m [2m---[0;39m [2m[nio-8081-exec-1][0;39m [36mo.s.web.servlet.DispatcherServlet       [0;39m [2m:[0;39m Completed initialization in 1 ms
[2m2022-05-22 16:21:09.811[0;39m [32mDEBUG[0;39m [35m19164[0;39m [2m---[0;39m [2m[nio-8081-exec-1][0;39m [36mc.ssafy.vue.controller.BoardController  [0;39m [2m:[0;39m retrieveBoard - 호출
[2m2022-05-22 16:22:34.258[0;39m [32mDEBUG[0;39m [35m19164[0;39m [2m---[0;39m [2m[nio-8081-exec-3][0;39m [36mc.ssafy.vue.controller.BoardController  [0;39m [2m:[0;39m retrieveBoard - 호출
[2m2022-05-22 16:22:40.986[0;39m [32mDEBUG[0;39m [35m19164[0;39m [2m---[0;39m [2m[nio-8081-exec-4][0;39m [36mc.ssafy.vue.controller.BoardController  [0;39m [2m:[0;39m detailBoard - 호출
[2m2022-05-22 16:23:00.693[0;39m [32mDEBUG[0;39m [35m19164[0;39m [2m---[0;39m [2m[nio-8081-exec-5][0;39m [36mc.ssafy.vue.controller.BoardController  [0;39m [2m:[0;39m retrieveBoard - 호출
[2m2022-05-22 16:23:01.722[0;39m [32mDEBUG[0;39m [35m19164[0;39m [2m---[0;39m [2m[nio-8081-exec-6][0;39m [36mc.ssafy.vue.controller.BoardController  [0;39m [2m:[0;39m detailBoard - 호출
[2m2022-05-22 16:23:02.995[0;39m [32mDEBUG[0;39m [35m19164[0;39m [2m---[0;39m [2m[nio-8081-exec-7][0;39m [36mc.ssafy.vue.controller.BoardController  [0;39m [2m:[0;39m detailBoard - 호출
[2m2022-05-22 16:23:08.641[0;39m [32mDEBUG[0;39m [35m19164[0;39m [2m---[0;39m [2m[nio-8081-exec-8][0;39m [36mc.ssafy.vue.controller.BoardController  [0;39m [2m:[0;39m retrieveBoard - 호출
[2m2022-05-22 16:23:09.968[0;39m [32mDEBUG[0;39m [35m19164[0;39m [2m---[0;39m [2m[nio-8081-exec-9][0;39m [36mc.ssafy.vue.controller.BoardController  [0;39m [2m:[0;39m detailBoard - 호출
[2m2022-05-22 16:24:45.710[0;39m [32mDEBUG[0;39m [35m19164[0;39m [2m---[0;39m [2m[nio-8081-exec-1][0;39m [36mc.ssafy.vue.controller.BoardController  [0;39m [2m:[0;39m retrieveBoard - 호출
[2m2022-05-22 16:24:46.709[0;39m [32mDEBUG[0;39m [35m19164[0;39m [2m---[0;39m [2m[nio-8081-exec-2][0;39m [36mc.ssafy.vue.controller.BoardController  [0;39m [2m:[0;39m detailBoard - 호출
[2m2022-05-22 16:24:47.934[0;39m [32mDEBUG[0;39m [35m19164[0;39m [2m---[0;39m [2m[nio-8081-exec-3][0;39m [36mc.ssafy.vue.controller.BoardController  [0;39m [2m:[0;39m retrieveBoard - 호출
[2m2022-05-22 16:24:48.940[0;39m [32mDEBUG[0;39m [35m19164[0;39m [2m---[0;39m [2m[nio-8081-exec-4][0;39m [36mc.ssafy.vue.controller.BoardController  [0;39m [2m:[0;39m detailBoard - 호출
[2m2022-05-22 16:24:49.501[0;39m [32mDEBUG[0;39m [35m19164[0;39m [2m---[0;39m [2m[nio-8081-exec-5][0;39m [36mc.ssafy.vue.controller.BoardController  [0;39m [2m:[0;39m retrieveBoard - 호출
[2m2022-05-22 16:24:50.107[0;39m [32mDEBUG[0;39m [35m19164[0;39m [2m---[0;39m [2m[nio-8081-exec-6][0;39m [36mc.ssafy.vue.controller.BoardController  [0;39m [2m:[0;39m detailBoard - 호출
[2m2022-05-22 16:24:50.862[0;39m [32mDEBUG[0;39m [35m19164[0;39m [2m---[0;39m [2m[nio-8081-exec-7][0;39m [36mc.ssafy.vue.controller.BoardController  [0;39m [2m:[0;39m retrieveBoard - 호출
[2m2022-05-22 16:24:52.181[0;39m [32mDEBUG[0;39m [35m19164[0;39m [2m---[0;39m [2m[nio-8081-exec-8][0;39m [36mc.ssafy.vue.controller.BoardController  [0;39m [2m:[0;39m detailBoard - 호출
[2m2022-05-22 16:24:56.238[0;39m [32mDEBUG[0;39m [35m19164[0;39m [2m---[0;39m [2m[nio-8081-exec-9][0;39m [36mc.ssafy.vue.controller.BoardController  [0;39m [2m:[0;39m retrieveBoard - 호출
[2m2022-05-22 16:28:18.922[0;39m [32mDEBUG[0;39m [35m19164[0;39m [2m---[0;39m [2m[nio-8081-exec-1][0;39m [36mc.ssafy.vue.controller.BoardController  [0;39m [2m:[0;39m detailBoard - 호출
[2m2022-05-22 16:28:20.707[0;39m [32mDEBUG[0;39m [35m19164[0;39m [2m---[0;39m [2m[nio-8081-exec-2][0;39m [36mc.ssafy.vue.controller.BoardController  [0;39m [2m:[0;39m retrieveBoard - 호출
[2m2022-05-22 16:42:45.374[0;39m [32mDEBUG[0;39m [35m19164[0;39m [2m---[0;39m [2m[nio-8081-exec-4][0;39m [36mc.ssafy.vue.controller.BoardController  [0;39m [2m:[0;39m retrieveBoard - 호출
[2m2022-05-22 16:42:46.512[0;39m [32mDEBUG[0;39m [35m19164[0;39m [2m---[0;39m [2m[nio-8081-exec-5][0;39m [36mc.ssafy.vue.controller.BoardController  [0;39m [2m:[0;39m detailBoard - 호출
[2m2022-05-22 16:42:48.934[0;39m [32mDEBUG[0;39m [35m19164[0;39m [2m---[0;39m [2m[nio-8081-exec-6][0;39m [36mc.ssafy.vue.controller.BoardController  [0;39m [2m:[0;39m retrieveBoard - 호출
[2m2022-05-22 16:42:50.128[0;39m [32mDEBUG[0;39m [35m19164[0;39m [2m---[0;39m [2m[nio-8081-exec-7][0;39m [36mc.ssafy.vue.controller.BoardController  [0;39m [2m:[0;39m detailBoard - 호출
[2m2022-05-22 16:42:55.496[0;39m [32mDEBUG[0;39m [35m19164[0;39m [2m---[0;39m [2m[nio-8081-exec-8][0;39m [36mc.ssafy.vue.controller.BoardController  [0;39m [2m:[0;39m retrieveBoard - 호출
[2m2022-05-22 16:42:56.695[0;39m [32mDEBUG[0;39m [35m19164[0;39m [2m---[0;39m [2m[nio-8081-exec-9][0;39m [36mc.ssafy.vue.controller.BoardController  [0;39m [2m:[0;39m detailBoard - 호출
[2m2022-05-22 16:43:45.183[0;39m [32mDEBUG[0;39m [35m19164[0;39m [2m---[0;39m [2m[io-8081-exec-10][0;39m [36mc.ssafy.vue.controller.BoardController  [0;39m [2m:[0;39m detailBoard - 호출
[2m2022-05-22 16:51:43.326[0;39m [32mDEBUG[0;39m [35m19164[0;39m [2m---[0;39m [2m[nio-8081-exec-2][0;39m [36mc.ssafy.vue.controller.BoardController  [0;39m [2m:[0;39m detailBoard - 호출
[2m2022-05-22 16:52:07.040[0;39m [32mDEBUG[0;39m [35m19164[0;39m [2m---[0;39m [2m[nio-8081-exec-3][0;39m [36mc.ssafy.vue.controller.BoardController  [0;39m [2m:[0;39m detailBoard - 호출
[2m2022-05-22 16:52:26.248[0;39m [32mDEBUG[0;39m [35m19164[0;39m [2m---[0;39m [2m[nio-8081-exec-4][0;39m [36mc.ssafy.vue.controller.BoardController  [0;39m [2m:[0;39m detailBoard - 호출
[2m2022-05-22 16:52:26.259[0;39m [32mDEBUG[0;39m [35m19164[0;39m [2m---[0;39m [2m[nio-8081-exec-5][0;39m [36mc.ssafy.vue.controller.BoardController  [0;39m [2m:[0;39m detailBoard - 호출
[2m2022-05-22 18:11:37.044[0;39m [32mDEBUG[0;39m [35m19164[0;39m [2m---[0;39m [2m[nio-8081-exec-7][0;39m [36mc.ssafy.vue.controller.BoardController  [0;39m [2m:[0;39m detailBoard - 호출
[2m2022-05-22 18:13:02.439[0;39m [32mDEBUG[0;39m [35m19164[0;39m [2m---[0;39m [2m[nio-8081-exec-9][0;39m [36mc.ssafy.vue.controller.BoardController  [0;39m [2m:[0;39m detailBoard - 호출
[2m2022-05-22 18:51:27.685[0;39m [32m INFO[0;39m [35m19164[0;39m [2m---[0;39m [2m[  restartedMain][0;39m [36mo.s.b.w.embedded.tomcat.TomcatWebServer [0;39m [2m:[0;39m Tomcat initialized with port(s): 8081 (http)
[2m2022-05-22 18:51:27.763[0;39m [32m INFO[0;39m [35m19164[0;39m [2m---[0;39m [2m[  restartedMain][0;39m [36mw.s.c.ServletWebServerApplicationContext[0;39m [2m:[0;39m Root WebApplicationContext: initialization completed in 774 ms
[2m2022-05-22 18:51:28.012[0;39m [32m INFO[0;39m [35m19164[0;39m [2m---[0;39m [2m[  restartedMain][0;39m [36mo.s.b.d.a.OptionalLiveReloadServer      [0;39m [2m:[0;39m LiveReload server is running on port 35729
[2m2022-05-22 18:51:28.112[0;39m [32m INFO[0;39m [35m19164[0;39m [2m---[0;39m [2m[  restartedMain][0;39m [36mo.s.b.w.embedded.tomcat.TomcatWebServer [0;39m [2m:[0;39m Tomcat started on port(s): 8081 (http) with context path '/vue'
[2m2022-05-22 18:51:28.246[0;39m [32m INFO[0;39m [35m19164[0;39m [2m---[0;39m [2m[  restartedMain][0;39m [36m.ConditionEvaluationDeltaLoggingListener[0;39m [2m:[0;39m Condition evaluation unchanged
[2m2022-05-22 18:53:05.021[0;39m [32m INFO[0;39m [35m19164[0;39m [2m---[0;39m [2m[nio-8081-exec-1][0;39m [36mo.s.web.servlet.DispatcherServlet       [0;39m [2m:[0;39m Initializing Servlet 'dispatcherServlet'
[2m2022-05-22 18:53:05.024[0;39m [32m INFO[0;39m [35m19164[0;39m [2m---[0;39m [2m[nio-8081-exec-1][0;39m [36mo.s.web.servlet.DispatcherServlet       [0;39m [2m:[0;39m Completed initialization in 1 ms
[2m2022-05-22 18:53:05.029[0;39m [32mDEBUG[0;39m [35m19164[0;39m [2m---[0;39m [2m[nio-8081-exec-1][0;39m [36mc.ssafy.vue.controller.BoardController  [0;39m [2m:[0;39m detailBoard - 호출
[2m2022-05-22 20:10:04.559[0;39m [32m INFO[0;39m [35m19164[0;39m [2m---[0;39m [2m[on(2)-127.0.0.1][0;39m [36minMXBeanRegistrar$SpringApplicationAdmin[0;39m [2m:[0;39m Application shutdown requested.
[2m2022-05-22 21:50:30.760[0;39m [32m INFO[0;39m [35m23712[0;39m [2m---[0;39m [2m[  restartedMain][0;39m [36m.e.DevToolsPropertyDefaultsPostProcessor[0;39m [2m:[0;39m Devtools property defaults active! Set 'spring.devtools.add-properties' to 'false' to disable
[2m2022-05-22 21:50:30.762[0;39m [32m INFO[0;39m [35m23712[0;39m [2m---[0;39m [2m[  restartedMain][0;39m [36m.e.DevToolsPropertyDefaultsPostProcessor[0;39m [2m:[0;39m For additional web related logging consider setting the 'logging.level.web' property to 'DEBUG'
[2m2022-05-22 21:50:32.300[0;39m [32m INFO[0;39m [35m23712[0;39m [2m---[0;39m [2m[  restartedMain][0;39m [36mo.s.b.w.embedded.tomcat.TomcatWebServer [0;39m [2m:[0;39m Tomcat initialized with port(s): 8081 (http)
[2m2022-05-22 21:50:32.488[0;39m [32m INFO[0;39m [35m23712[0;39m [2m---[0;39m [2m[  restartedMain][0;39m [36mw.s.c.ServletWebServerApplicationContext[0;39m [2m:[0;39m Root WebApplicationContext: initialization completed in 1725 ms
[2m2022-05-22 21:50:33.265[0;39m [32m INFO[0;39m [35m23712[0;39m [2m---[0;39m [2m[  restartedMain][0;39m [36mo.s.b.d.a.OptionalLiveReloadServer      [0;39m [2m:[0;39m LiveReload server is running on port 35729
[2m2022-05-22 21:50:33.448[0;39m [32m INFO[0;39m [35m23712[0;39m [2m---[0;39m [2m[  restartedMain][0;39m [36mo.s.b.w.embedded.tomcat.TomcatWebServer [0;39m [2m:[0;39m Tomcat started on port(s): 8081 (http) with context path '/vue'
[2m2022-05-22 21:55:13.327[0;39m [32m INFO[0;39m [35m23712[0;39m [2m---[0;39m [2m[nio-8081-exec-1][0;39m [36mo.s.web.servlet.DispatcherServlet       [0;39m [2m:[0;39m Initializing Servlet 'dispatcherServlet'
[2m2022-05-22 21:55:13.328[0;39m [32m INFO[0;39m [35m23712[0;39m [2m---[0;39m [2m[nio-8081-exec-1][0;39m [36mo.s.web.servlet.DispatcherServlet       [0;39m [2m:[0;39m Completed initialization in 1 ms
[2m2022-05-22 21:55:13.372[0;39m [32mDEBUG[0;39m [35m23712[0;39m [2m---[0;39m [2m[nio-8081-exec-1][0;39m [36mc.ssafy.vue.controller.BoardController  [0;39m [2m:[0;39m retrieveBoard - 호출
[2m2022-05-22 21:55:14.670[0;39m [32mDEBUG[0;39m [35m23712[0;39m [2m---[0;39m [2m[nio-8081-exec-2][0;39m [36mc.ssafy.vue.controller.BoardController  [0;39m [2m:[0;39m detailBoard - 호출
[2m2022-05-22 21:55:18.267[0;39m [32mDEBUG[0;39m [35m23712[0;39m [2m---[0;39m [2m[nio-8081-exec-3][0;39m [36mc.ssafy.vue.controller.BoardController  [0;39m [2m:[0;39m retrieveBoard - 호출
[2m2022-05-22 21:55:19.967[0;39m [32mDEBUG[0;39m [35m23712[0;39m [2m---[0;39m [2m[nio-8081-exec-4][0;39m [36mc.ssafy.vue.controller.BoardController  [0;39m [2m:[0;39m detailBoard - 호출
[2m2022-05-22 21:56:19.998[0;39m [32mDEBUG[0;39m [35m23712[0;39m [2m---[0;39m [2m[nio-8081-exec-5][0;39m [36mc.ssafy.vue.controller.BoardController  [0;39m [2m:[0;39m detailBoard - 호출
[2m2022-05-22 21:57:18.420[0;39m [32mDEBUG[0;39m [35m23712[0;39m [2m---[0;39m [2m[nio-8081-exec-6][0;39m [36mc.ssafy.vue.controller.BoardController  [0;39m [2m:[0;39m detailBoard - 호출
[2m2022-05-22 21:57:20.203[0;39m [32mDEBUG[0;39m [35m23712[0;39m [2m---[0;39m [2m[nio-8081-exec-7][0;39m [36mc.ssafy.vue.controller.BoardController  [0;39m [2m:[0;39m detailBoard - 호출
[2m2022-05-22 22:07:49.293[0;39m [32m INFO[0;39m [35m23712[0;39m [2m---[0;39m [2m[on(2)-127.0.0.1][0;39m [36minMXBeanRegistrar$SpringApplicationAdmin[0;39m [2m:[0;39m Application shutdown requested.
