[2m2022-05-20 16:54:30.872[0;39m [32m INFO[0;39m [35m3228[0;39m [2m---[0;39m [2m[  restartedMain][0;39m [36m.e.DevToolsPropertyDefaultsPostProcessor[0;39m [2m:[0;39m Devtools property defaults active! Set 'spring.devtools.add-properties' to 'false' to disable
[2m2022-05-20 16:54:30.889[0;39m [32m INFO[0;39m [35m3228[0;39m [2m---[0;39m [2m[  restartedMain][0;39m [36m.e.DevToolsPropertyDefaultsPostProcessor[0;39m [2m:[0;39m For additional web related logging consider setting the 'logging.level.web' property to 'DEBUG'
[2m2022-05-20 16:54:32.574[0;39m [32m INFO[0;39m [35m3228[0;39m [2m---[0;39m [2m[  restartedMain][0;39m [36mo.s.b.w.embedded.tomcat.TomcatWebServer [0;39m [2m:[0;39m Tomcat initialized with port(s): 8081 (http)
[2m2022-05-20 16:54:32.788[0;39m [32m INFO[0;39m [35m3228[0;39m [2m---[0;39m [2m[  restartedMain][0;39m [36mw.s.c.ServletWebServerApplicationContext[0;39m [2m:[0;39m Root WebApplicationContext: initialization completed in 1897 ms
[2m2022-05-20 16:54:33.598[0;39m [32m INFO[0;39m [35m3228[0;39m [2m---[0;39m [2m[  restartedMain][0;39m [36mo.s.b.d.a.OptionalLiveReloadServer      [0;39m [2m:[0;39m LiveReload server is running on port 35729
[2m2022-05-20 16:54:33.787[0;39m [32m INFO[0;39m [35m3228[0;39m [2m---[0;39m [2m[  restartedMain][0;39m [36mo.s.b.w.embedded.tomcat.TomcatWebServer [0;39m [2m:[0;39m Tomcat started on port(s): 8081 (http) with context path '/vue'
[2m2022-05-20 16:55:51.481[0;39m [32m INFO[0;39m [35m3228[0;39m [2m---[0;39m [2m[nio-8081-exec-1][0;39m [36mo.s.web.servlet.DispatcherServlet       [0;39m [2m:[0;39m Initializing Servlet 'dispatcherServlet'
[2m2022-05-20 16:55:51.483[0;39m [32m INFO[0;39m [35m3228[0;39m [2m---[0;39m [2m[nio-8081-exec-1][0;39m [36mo.s.web.servlet.DispatcherServlet       [0;39m [2m:[0;39m Completed initialization in 1 ms
[2m2022-05-20 16:55:51.532[0;39m [32mDEBUG[0;39m [35m3228[0;39m [2m---[0;39m [2m[nio-8081-exec-1][0;39m [36mc.ssafy.vue.controller.BoardController  [0;39m [2m:[0;39m retrieveBoard - 호출
[2m2022-05-20 17:00:10.011[0;39m [32mDEBUG[0;39m [35m3228[0;39m [2m---[0;39m [2m[nio-8081-exec-4][0;39m [36mc.ssafy.vue.controller.BoardController  [0;39m [2m:[0;39m retrieveBoard - 호출
[2m2022-05-20 17:09:14.997[0;39m [32mDEBUG[0;39m [35m3228[0;39m [2m---[0;39m [2m[nio-8081-exec-5][0;39m [36mc.ssafy.vue.controller.BoardController  [0;39m [2m:[0;39m retrieveBoard - 호출
[2m2022-05-20 17:09:15.027[0;39m [32mDEBUG[0;39m [35m3228[0;39m [2m---[0;39m [2m[nio-8081-exec-6][0;39m [36mc.ssafy.vue.controller.BoardController  [0;39m [2m:[0;39m retrieveBoard - 호출
[2m2022-05-20 17:09:24.710[0;39m [32mDEBUG[0;39m [35m3228[0;39m [2m---[0;39m [2m[nio-8081-exec-7][0;39m [36mc.ssafy.vue.controller.BoardController  [0;39m [2m:[0;39m retrieveBoard - 호출
[2m2022-05-20 17:12:56.921[0;39m [32mDEBUG[0;39m [35m3228[0;39m [2m---[0;39m [2m[nio-8081-exec-9][0;39m [36mc.ssafy.vue.controller.BoardController  [0;39m [2m:[0;39m retrieveBoard - 호출
[2m2022-05-20 17:13:13.420[0;39m [32mDEBUG[0;39m [35m3228[0;39m [2m---[0;39m [2m[io-8081-exec-10][0;39m [36mc.ssafy.vue.controller.BoardController  [0;39m [2m:[0;39m retrieveBoard - 호출
[2m2022-05-20 17:13:58.732[0;39m [32mDEBUG[0;39m [35m3228[0;39m [2m---[0;39m [2m[nio-8081-exec-1][0;39m [36mc.ssafy.vue.controller.BoardController  [0;39m [2m:[0;39m retrieveBoard - 호출
[2m2022-05-20 17:14:04.046[0;39m [32mDEBUG[0;39m [35m3228[0;39m [2m---[0;39m [2m[nio-8081-exec-2][0;39m [36mc.ssafy.vue.controller.BoardController  [0;39m [2m:[0;39m retrieveBoard - 호출
[2m2022-05-20 17:14:15.156[0;39m [32mDEBUG[0;39m [35m3228[0;39m [2m---[0;39m [2m[nio-8081-exec-4][0;39m [36mc.ssafy.vue.controller.BoardController  [0;39m [2m:[0;39m retrieveBoard - 호출
[2m2022-05-20 17:15:28.130[0;39m [32mDEBUG[0;39m [35m3228[0;39m [2m---[0;39m [2m[nio-8081-exec-5][0;39m [36mc.ssafy.vue.controller.BoardController  [0;39m [2m:[0;39m retrieveBoard - 호출
[2m2022-05-20 17:16:53.697[0;39m [32mDEBUG[0;39m [35m3228[0;39m [2m---[0;39m [2m[nio-8081-exec-7][0;39m [36mc.ssafy.vue.controller.BoardController  [0;39m [2m:[0;39m retrieveBoard - 호출
[2m2022-05-20 17:16:58.897[0;39m [32mDEBUG[0;39m [35m3228[0;39m [2m---[0;39m [2m[nio-8081-exec-8][0;39m [36mc.ssafy.vue.controller.BoardController  [0;39m [2m:[0;39m retrieveBoard - 호출
[2m2022-05-20 17:17:13.891[0;39m [32mDEBUG[0;39m [35m3228[0;39m [2m---[0;39m [2m[nio-8081-exec-9][0;39m [36mc.ssafy.vue.controller.BoardController  [0;39m [2m:[0;39m retrieveBoard - 호출
[2m2022-05-20 17:17:51.770[0;39m [32mDEBUG[0;39m [35m3228[0;39m [2m---[0;39m [2m[io-8081-exec-10][0;39m [36mc.ssafy.vue.controller.BoardController  [0;39m [2m:[0;39m retrieveBoard - 호출
[2m2022-05-20 17:18:13.793[0;39m [32mDEBUG[0;39m [35m3228[0;39m [2m---[0;39m [2m[nio-8081-exec-1][0;39m [36mc.ssafy.vue.controller.BoardController  [0;39m [2m:[0;39m retrieveBoard - 호출
[2m2022-05-20 17:18:35.621[0;39m [32mDEBUG[0;39m [35m3228[0;39m [2m---[0;39m [2m[nio-8081-exec-2][0;39m [36mc.ssafy.vue.controller.BoardController  [0;39m [2m:[0;39m retrieveBoard - 호출
[2m2022-05-20 17:18:40.531[0;39m [32mDEBUG[0;39m [35m3228[0;39m [2m---[0;39m [2m[nio-8081-exec-4][0;39m [36mc.ssafy.vue.controller.BoardController  [0;39m [2m:[0;39m retrieveBoard - 호출
[2m2022-05-20 17:18:50.368[0;39m [32mDEBUG[0;39m [35m3228[0;39m [2m---[0;39m [2m[nio-8081-exec-3][0;39m [36mc.ssafy.vue.controller.BoardController  [0;39m [2m:[0;39m retrieveBoard - 호출
[2m2022-05-20 17:18:53.444[0;39m [32mDEBUG[0;39m [35m3228[0;39m [2m---[0;39m [2m[nio-8081-exec-5][0;39m [36mc.ssafy.vue.controller.BoardController  [0;39m [2m:[0;39m retrieveBoard - 호출
[2m2022-05-20 17:47:09.856[0;39m [32mDEBUG[0;39m [35m3228[0;39m [2m---[0;39m [2m[nio-8081-exec-7][0;39m [36mc.ssafy.vue.controller.BoardController  [0;39m [2m:[0;39m retrieveBoard - 호출
[2m2022-05-20 17:47:24.053[0;39m [32mDEBUG[0;39m [35m3228[0;39m [2m---[0;39m [2m[nio-8081-exec-8][0;39m [36mc.ssafy.vue.controller.BoardController  [0;39m [2m:[0;39m retrieveBoard - 호출
[2m2022-05-20 17:53:19.058[0;39m [32mDEBUG[0;39m [35m3228[0;39m [2m---[0;39m [2m[io-8081-exec-10][0;39m [36mc.ssafy.vue.controller.BoardController  [0;39m [2m:[0;39m retrieveBoard - 호출
[2m2022-05-20 17:54:01.627[0;39m [32mDEBUG[0;39m [35m3228[0;39m [2m---[0;39m [2m[nio-8081-exec-1][0;39m [36mc.ssafy.vue.controller.BoardController  [0;39m [2m:[0;39m retrieveBoard - 호출
[2m2022-05-20 17:55:44.104[0;39m [32mDEBUG[0;39m [35m3228[0;39m [2m---[0;39m [2m[nio-8081-exec-4][0;39m [36mc.ssafy.vue.controller.BoardController  [0;39m [2m:[0;39m retrieveBoard - 호출
[2m2022-05-20 17:56:25.839[0;39m [32mDEBUG[0;39m [35m3228[0;39m [2m---[0;39m [2m[nio-8081-exec-3][0;39m [36mc.ssafy.vue.controller.BoardController  [0;39m [2m:[0;39m retrieveBoard - 호출
[2m2022-05-20 17:58:27.400[0;39m [32mDEBUG[0;39m [35m3228[0;39m [2m---[0;39m [2m[nio-8081-exec-6][0;39m [36mc.ssafy.vue.controller.BoardController  [0;39m [2m:[0;39m retrieveBoard - 호출
[2m2022-05-20 17:58:29.606[0;39m [32mDEBUG[0;39m [35m3228[0;39m [2m---[0;39m [2m[nio-8081-exec-7][0;39m [36mc.ssafy.vue.controller.BoardController  [0;39m [2m:[0;39m retrieveBoard - 호출
[2m2022-05-20 18:05:48.903[0;39m [32mDEBUG[0;39m [35m3228[0;39m [2m---[0;39m [2m[nio-8081-exec-9][0;39m [36mc.ssafy.vue.controller.BoardController  [0;39m [2m:[0;39m retrieveBoard - 호출
[2m2022-05-20 18:05:55.436[0;39m [32mDEBUG[0;39m [35m3228[0;39m [2m---[0;39m [2m[io-8081-exec-10][0;39m [36mc.ssafy.vue.controller.BoardController  [0;39m [2m:[0;39m retrieveBoard - 호출
[2m2022-05-20 18:17:48.690[0;39m [32m INFO[0;39m [35m3228[0;39m [2m---[0;39m [2m[on(2)-127.0.0.1][0;39m [36minMXBeanRegistrar$SpringApplicationAdmin[0;39m [2m:[0;39m Application shutdown requested.
